<?xml version="1.0" encoding="UTF-8"?>
<!-- Generated by org.testng.reporters.JUnitReportReporter -->
<testsuite hostname="WINCTRL-CA14OA6" failures="0" tests="1" name="testNG.Redbus" time="64.853" errors="0" timestamp="2023-02-04T23:44:57 IST" skipped="0">
  <testcase classname="testNG.Redbus" name="f" time="64.853"/>
  <system-out/>
</testsuite> <!-- testNG.Redbus -->
