<?xml version="1.0" encoding="UTF-8"?>
<!-- Generated by org.testng.reporters.JUnitReportReporter -->
<testsuite hostname="WINCTRL-CA14OA6" failures="0" tests="1" name="testNG.NewTest2" time="9.294" errors="0" timestamp="2023-02-03T19:24:55 IST" skipped="0">
  <testcase classname="testNG.NewTest2" name="facebook" time="9.294"/>
  <system-out/>
</testsuite> <!-- testNG.NewTest2 -->
