<?xml version="1.0" encoding="UTF-8"?>
<!-- Generated by org.testng.reporters.JUnitReportReporter -->
<testsuite hostname="WINCTRL-CA14OA6" failures="0" tests="1" name="datadriventesting.VtigerLogin" time="22.102" errors="0" timestamp="2023-02-06T14:42:34 IST" skipped="0">
  <testcase classname="datadriventesting.VtigerLogin" name="vtigerLogin" time="22.102"/>
  <system-out/>
</testsuite> <!-- datadriventesting.VtigerLogin -->
