<?xml version="1.0" encoding="UTF-8"?>
<!-- Generated by org.testng.reporters.JUnitReportReporter -->
<testsuite hostname="WINCTRL-CA14OA6" failures="0" tests="1" name="testNG.NewTest3" time="8.151" errors="0" timestamp="2023-02-03T19:24:55 IST" skipped="0">
  <testcase classname="testNG.NewTest3" name="ExecuteAutomation" time="8.151"/>
  <system-out/>
</testsuite> <!-- testNG.NewTest3 -->
