<?xml version="1.0" encoding="UTF-8"?>
<!-- Generated by org.testng.reporters.JUnitReportReporter -->
<testsuite hostname="WINCTRL-CA14OA6" failures="0" tests="1" name="google.pagesctips.GoogleSerach" time="18.034" errors="0" timestamp="2023-01-18T19:33:21 IST" skipped="0">
  <testcase classname="google.pagesctips.GoogleSerach" name="testSearchPage" time="18.034"/>
  <system-out/>
</testsuite> <!-- google.pagesctips.GoogleSerach -->
