<?xml version="1.0" encoding="UTF-8"?>
<!-- Generated by org.testng.reporters.JUnitReportReporter -->
<testsuite hostname="WINCTRL-CA14OA6" failures="0" tests="2" name="advancetestng.GroupExamples" time="0.016" errors="0" timestamp="2023-01-18T12:26:07 IST" skipped="0">
  <testcase classname="advancetestng.GroupExamples" name="testCaseFive" time="0.013"/>
  <system-out/>
  <testcase classname="advancetestng.GroupExamples" name="testCaseThree" time="0.003"/>
  <system-out/>
</testsuite> <!-- advancetestng.GroupExamples -->
