<?xml version="1.0" encoding="UTF-8"?>
<!-- Generated by org.testng.reporters.JUnitReportReporter -->
<testsuite hostname="WINCTRL-CA14OA6" failures="0" tests="4" name="datadriventesting.ReadExcel" time="0.909" errors="0" timestamp="2023-01-16T21:07:38 IST" skipped="0">
  <testcase classname="datadriventesting.ReadExcel" name="cellOps" time="0.714"/>
  <system-out/>
  <testcase classname="datadriventesting.ReadExcel" name="readDiffrenetTypeOfDataFromExcel" time="0.099"/>
  <system-out/>
  <testcase classname="datadriventesting.ReadExcel" name="sheetOps" time="0.046"/>
  <system-out/>
  <testcase classname="datadriventesting.ReadExcel" name="rowOps" time="0.050"/>
  <system-out/>
</testsuite> <!-- datadriventesting.ReadExcel -->
