<?xml version="1.0" encoding="UTF-8"?>
<!-- Generated by org.testng.reporters.JUnitReportReporter -->
<testsuite hostname="WINCTRL-CA14OA6" failures="0" tests="1" name="testNG.ActitimeLogin" time="182.409" errors="0" timestamp="2023-02-06T14:55:12 IST" skipped="0">
  <testcase classname="testNG.ActitimeLogin" name="actitimeLogin" time="182.409"/>
  <system-out/>
</testsuite> <!-- testNG.ActitimeLogin -->
