<?xml version="1.0" encoding="UTF-8"?>
<!-- Generated by org.testng.reporters.JUnitReportReporter -->
<testsuite hostname="WINCTRL-CA14OA6" failures="0" tests="4" name="advancetestng.Parameterization" time="115.657" errors="0" timestamp="2023-01-18T12:37:33 IST" skipped="0">
  <testcase classname="advancetestng.Parameterization" name="testLoginOfVtiger" time="115.635"/>
  <system-out/>
  <testcase classname="advancetestng.Parameterization" name="testCaseThree" time="0.003"/>
  <system-out/>
  <testcase classname="advancetestng.Parameterization" name="testCaseTwo" time="0.007"/>
  <system-out/>
  <testcase classname="advancetestng.Parameterization" name="testCaseOne" time="0.012"/>
  <system-out/>
</testsuite> <!-- advancetestng.Parameterization -->
