<?xml version="1.0" encoding="UTF-8"?>
<!-- Generated by org.testng.reporters.JUnitReportReporter -->
<testsuite hostname="WINCTRL-CA14OA6" failures="0" tests="1" name="datadriventesting.Vtigerlogin1" time="14.403" errors="0" timestamp="2023-02-06T14:49:37 IST" skipped="0">
  <testcase classname="datadriventesting.Vtigerlogin1" name="vtigerLogin" time="14.403"/>
  <system-out/>
</testsuite> <!-- datadriventesting.Vtigerlogin1 -->
