<?xml version="1.0" encoding="UTF-8"?>
<!-- Generated by org.testng.reporters.JUnitReportReporter -->
<testsuite hostname="WINCTRL-CA14OA6" failures="0" tests="1" name="testNG.Flipkarttng" time="55.772" errors="0" timestamp="2023-02-06T15:52:06 IST" skipped="0">
  <testcase classname="testNG.Flipkarttng" name="Flipkart" time="55.772"/>
  <system-out/>
</testsuite> <!-- testNG.Flipkarttng -->
