<?xml version="1.0" encoding="UTF-8"?>
<!-- Generated by org.testng.reporters.JUnitReportReporter -->
<testsuite hostname="WINCTRL-CA14OA6" failures="0" tests="1" name="testNG.NewTestVTIGER" time="35.785" errors="0" timestamp="2023-02-03T16:31:57 IST" skipped="0">
  <testcase classname="testNG.NewTestVTIGER" name="vTIGER" time="35.785"/>
  <system-out/>
</testsuite> <!-- testNG.NewTestVTIGER -->
