<?xml version="1.0" encoding="UTF-8"?>
<!-- Generated by org.testng.reporters.JUnitReportReporter -->
<testsuite hostname="WINCTRL-CA14OA6" failures="0" tests="1" name="datadriventesting.ActitimeLogin" time="195.983" errors="0" timestamp="2023-02-06T14:41:12 IST" skipped="0">
  <testcase classname="datadriventesting.ActitimeLogin" name="actitimeLogin" time="195.983"/>
  <system-out/>
</testsuite> <!-- datadriventesting.ActitimeLogin -->
