<?xml version="1.0" encoding="UTF-8"?>
<!-- Generated by org.testng.reporters.JUnitReportReporter -->
<testsuite hostname="WINCTRL-CA14OA6" failures="0" tests="1" name="assignments.NewTest1" time="0.012" errors="0" timestamp="2023-02-03T14:22:28 IST" skipped="0">
  <testcase classname="assignments.NewTest1" name="Example1" time="0.012"/>
  <system-out/>
</testsuite> <!-- assignments.NewTest1 -->
