<?xml version="1.0" encoding="UTF-8"?>
<!-- Generated by org.testng.reporters.JUnitReportReporter -->
<testsuite hostname="WINCTRL-CA14OA6" failures="0" tests="1" name="testNG1.GoogleSearch" time="8.281" errors="0" timestamp="2023-02-03T17:33:11 IST" skipped="0">
  <testcase classname="testNG1.GoogleSearch" name="testSearchPage" time="8.281"/>
  <system-out/>
</testsuite> <!-- testNG1.GoogleSearch -->
